TN:
SF:src/index.ts
FNF:0
FNH:0
DA:1,0
DA:2,0
DA:6,0
LF:3
LH:0
BRF:0
BRH:0
end_of_record
TN:
SF:src/components/index.ts
FNF:0
FNH:0
DA:1,1
DA:2,1
DA:3,1
DA:4,1
DA:6,1
LF:5
LH:5
BRF:0
BRH:0
end_of_record
TN:
SF:src/components/validation.ts
FN:24,(anonymous_1)
FN:25,(anonymous_2)
FN:31,(anonymous_3)
FNF:3
FNH:3
FNDA:4,(anonymous_1)
FNDA:4,(anonymous_2)
FNDA:2,(anonymous_3)
DA:1,1
DA:2,1
DA:17,4
DA:25,4
DA:32,2
DA:33,0
DA:43,1
LF:7
LH:6
BRDA:32,0,0,0
BRDA:32,0,1,2
BRF:2
BRH:1
end_of_record
TN:
SF:src/components/AboutMe/index.ts
FN:13,findAll
FN:30,findOne
FN:47,create
FN:64,remove
FNF:4
FNH:0
FNDA:0,findAll
FNDA:0,findOne
FNDA:0,create
FNDA:0,remove
DA:1,1
DA:2,1
DA:13,1
DA:14,0
DA:15,0
DA:17,0
DA:19,0
DA:30,1
DA:31,0
DA:32,0
DA:34,0
DA:36,0
DA:47,1
DA:48,0
DA:49,0
DA:51,0
DA:53,0
DA:64,1
DA:65,0
DA:66,0
DA:68,0
DA:70,0
LF:22
LH:6
BRF:0
BRH:0
end_of_record
TN:
SF:src/components/AboutMe/model.ts
FNF:0
FNH:0
DA:1,1
DA:2,1
DA:32,1
DA:46,1
LF:4
LH:4
BRF:0
BRH:0
end_of_record
TN:
SF:src/components/AboutMe/service.ts
FN:16,(anonymous_8)
FN:34,(anonymous_10)
FN:64,(anonymous_12)
FN:85,(anonymous_14)
FNF:4
FNH:0
FNDA:0,(anonymous_8)
FNDA:0,(anonymous_10)
FNDA:0,(anonymous_12)
FNDA:0,(anonymous_14)
DA:2,1
DA:3,1
DA:5,1
DA:11,1
DA:17,0
DA:18,0
DA:19,0
DA:20,0
DA:22,0
DA:25,0
DA:35,0
DA:38,0
DA:42,0
DA:43,0
DA:46,0
DA:55,0
DA:65,0
DA:66,0
DA:68,0
DA:69,0
DA:72,0
DA:74,0
DA:76,0
DA:86,0
DA:89,0
DA:93,0
DA:94,0
DA:97,0
DA:101,0
DA:103,0
DA:108,1
LF:31
LH:5
BRDA:19,0,0,0
BRDA:19,0,1,0
BRDA:42,1,0,0
BRDA:42,1,1,0
BRDA:68,2,0,0
BRDA:68,2,1,0
BRDA:93,3,0,0
BRDA:93,3,1,0
BRF:8
BRH:0
end_of_record
TN:
SF:src/components/AboutMe/validation.ts
FN:16,(anonymous_1)
FN:33,(anonymous_2)
FN:48,(anonymous_3)
FNF:3
FNH:0
FNDA:0,(anonymous_1)
FNDA:0,(anonymous_2)
FNDA:0,(anonymous_3)
DA:1,1
DA:2,1
DA:17,0
DA:25,0
DA:36,0
DA:40,0
DA:51,0
DA:55,0
DA:59,1
LF:9
LH:3
BRF:0
BRH:0
end_of_record
TN:
SF:src/components/Auth/index.ts
FN:21,signup
FN:45,login
FN:82,user
FNF:3
FNH:0
FNDA:0,signup
FNDA:0,login
FNDA:0,user
DA:1,1
DA:2,1
DA:5,1
DA:6,1
DA:7,1
DA:8,1
DA:21,1
DA:22,0
DA:23,0
DA:25,0
DA:29,0
DA:30,0
DA:32,0
DA:45,1
DA:46,0
DA:47,0
DA:49,0
DA:57,0
DA:66,0
DA:67,0
DA:69,0
DA:82,1
DA:83,0
DA:84,0
DA:86,0
DA:88,0
DA:89,0
DA:91,0
LF:28
LH:9
BRDA:29,0,0,0
BRDA:29,0,1,0
BRDA:66,1,0,0
BRDA:66,1,1,0
BRDA:88,2,0,0
BRDA:88,2,1,0
BRF:6
BRH:0
end_of_record
TN:
SF:src/components/Auth/service.ts
FN:17,(anonymous_8)
FN:50,(anonymous_10)
FNF:2
FNH:0
FNDA:0,(anonymous_8)
FNDA:0,(anonymous_10)
DA:2,1
DA:3,1
DA:11,1
DA:18,0
DA:19,0
DA:21,0
DA:22,0
DA:25,0
DA:30,0
DA:34,0
DA:35,0
DA:38,0
DA:40,0
DA:42,0
DA:51,0
DA:52,0
DA:54,0
DA:55,0
DA:58,0
DA:62,0
DA:64,0
DA:65,0
DA:68,0
DA:70,0
DA:75,1
LF:25
LH:4
BRDA:21,0,0,0
BRDA:21,0,1,0
BRDA:34,1,0,0
BRDA:34,1,1,0
BRDA:54,2,0,0
BRDA:54,2,1,0
BRDA:62,3,0,0
BRDA:62,3,1,0
BRDA:64,4,0,0
BRDA:64,4,1,0
BRF:10
BRH:0
end_of_record
TN:
SF:src/components/Auth/validation.ts
FN:17,(anonymous_1)
FN:35,(anonymous_2)
FNF:2
FNH:0
FNDA:0,(anonymous_1)
FNDA:0,(anonymous_2)
DA:1,1
DA:2,1
DA:18,0
DA:27,0
DA:36,0
DA:45,0
DA:49,1
LF:7
LH:3
BRF:0
BRH:0
end_of_record
TN:
SF:src/components/Projects/index.ts
FN:13,findAll
FN:17,(anonymous_10)
FN:30,findOne
FN:47,create
FN:64,update
FN:83,remove
FNF:6
FNH:2
FNDA:0,findAll
FNDA:0,(anonymous_10)
FNDA:2,findOne
FNDA:2,create
FNDA:0,update
FNDA:0,remove
DA:1,1
DA:2,1
DA:13,1
DA:14,0
DA:15,0
DA:17,0
DA:19,0
DA:30,1
DA:31,2
DA:32,2
DA:34,1
DA:36,1
DA:47,1
DA:48,2
DA:49,2
DA:51,1
DA:53,1
DA:64,1
DA:65,0
DA:66,0
DA:67,0
DA:68,0
DA:70,0
DA:72,0
DA:83,1
DA:84,0
DA:85,0
DA:87,0
DA:89,0
LF:29
LH:15
BRDA:19,0,0,0
BRDA:19,0,1,0
BRDA:36,1,0,1
BRDA:36,1,1,0
BRDA:53,2,0,1
BRDA:53,2,1,0
BRDA:72,3,0,0
BRDA:72,3,1,0
BRDA:89,4,0,0
BRDA:89,4,1,0
BRF:10
BRH:2
end_of_record
TN:
SF:src/components/Projects/model.ts
FNF:0
FNH:0
DA:1,1
DA:2,1
DA:33,1
DA:48,1
LF:4
LH:4
BRF:0
BRH:0
end_of_record
TN:
SF:src/components/Projects/service.ts
FN:17,(anonymous_8)
FN:30,(anonymous_10)
FN:69,(anonymous_12)
FN:93,(anonymous_14)
FNF:4
FNH:2
FNDA:0,(anonymous_8)
FNDA:2,(anonymous_10)
FNDA:2,(anonymous_12)
FNDA:0,(anonymous_14)
DA:2,1
DA:3,1
DA:4,1
DA:6,1
DA:12,1
DA:18,0
DA:19,0
DA:21,0
DA:31,2
DA:34,2
DA:38,2
DA:39,0
DA:42,2
DA:51,2
DA:52,1
DA:55,1
DA:57,1
DA:58,1
DA:60,0
DA:70,2
DA:71,2
DA:73,2
DA:74,1
DA:77,1
DA:79,1
DA:81,1
DA:82,1
DA:84,0
DA:94,0
DA:97,0
DA:101,0
DA:102,0
DA:105,0
DA:109,0
DA:110,0
DA:113,0
DA:115,0
DA:116,0
DA:118,0
DA:123,1
LF:40
LH:23
BRDA:38,0,0,0
BRDA:38,0,1,2
BRDA:51,1,0,1
BRDA:51,1,1,1
BRDA:57,2,0,1
BRDA:57,2,1,0
BRDA:73,3,0,1
BRDA:73,3,1,1
BRDA:81,4,0,1
BRDA:81,4,1,0
BRDA:101,5,0,0
BRDA:101,5,1,0
BRDA:109,6,0,0
BRDA:109,6,1,0
BRDA:115,7,0,0
BRDA:115,7,1,0
BRF:16
BRH:7
end_of_record
TN:
SF:src/components/Projects/validation.ts
FN:16,(anonymous_1)
FN:34,(anonymous_2)
FN:49,(anonymous_3)
FNF:3
FNH:2
FNDA:2,(anonymous_1)
FNDA:2,(anonymous_2)
FNDA:0,(anonymous_3)
DA:1,1
DA:2,1
DA:17,2
DA:26,2
DA:37,2
DA:41,2
DA:52,0
DA:56,0
DA:60,1
LF:9
LH:7
BRF:0
BRH:0
end_of_record
TN:
SF:src/components/User/index.ts
FN:13,findAll
FN:30,findOne
FN:47,create
FN:64,remove
FNF:4
FNH:0
FNDA:0,findAll
FNDA:0,findOne
FNDA:0,create
FNDA:0,remove
DA:1,1
DA:2,1
DA:13,1
DA:14,0
DA:15,0
DA:17,0
DA:19,0
DA:30,1
DA:31,0
DA:32,0
DA:34,0
DA:36,0
DA:47,1
DA:48,0
DA:49,0
DA:51,0
DA:53,0
DA:64,1
DA:65,0
DA:66,0
DA:68,0
DA:70,0
LF:22
LH:6
BRF:0
BRH:0
end_of_record
TN:
SF:src/components/User/model.ts
FN:52,(anonymous_13)
FN:72,(anonymous_15)
FNF:2
FNH:0
FNDA:0,(anonymous_13)
FNDA:0,(anonymous_15)
DA:1,1
DA:2,1
DA:3,1
DA:36,1
DA:53,0
DA:54,0
DA:57,0
DA:58,0
DA:60,0
DA:62,0
DA:63,0
DA:65,0
DA:72,1
DA:73,0
DA:74,0
DA:76,0
DA:78,0
DA:82,1
LF:18
LH:6
BRDA:53,0,0,0
BRDA:53,0,1,0
BRF:2
BRH:0
end_of_record
TN:
SF:src/components/User/service.ts
FN:16,(anonymous_8)
FN:29,(anonymous_10)
FN:59,(anonymous_12)
FN:80,(anonymous_14)
FNF:4
FNH:0
FNDA:0,(anonymous_8)
FNDA:0,(anonymous_10)
FNDA:0,(anonymous_12)
FNDA:0,(anonymous_14)
DA:2,1
DA:3,1
DA:5,1
DA:11,1
DA:17,0
DA:18,0
DA:20,0
DA:30,0
DA:33,0
DA:37,0
DA:38,0
DA:41,0
DA:50,0
DA:60,0
DA:61,0
DA:63,0
DA:64,0
DA:67,0
DA:69,0
DA:71,0
DA:81,0
DA:84,0
DA:88,0
DA:89,0
DA:92,0
DA:96,0
DA:98,0
DA:103,1
LF:28
LH:5
BRDA:37,0,0,0
BRDA:37,0,1,0
BRDA:63,1,0,0
BRDA:63,1,1,0
BRDA:88,2,0,0
BRDA:88,2,1,0
BRF:6
BRH:0
end_of_record
TN:
SF:src/components/User/validation.ts
FN:16,(anonymous_1)
FN:34,(anonymous_2)
FN:49,(anonymous_3)
FNF:3
FNH:0
FNDA:0,(anonymous_1)
FNDA:0,(anonymous_2)
FNDA:0,(anonymous_3)
DA:1,1
DA:2,1
DA:17,0
DA:26,0
DA:37,0
DA:41,0
DA:52,0
DA:56,0
DA:60,1
LF:9
LH:3
BRF:0
BRH:0
end_of_record
TN:
SF:src/config/connection/connection.ts
FN:25,(anonymous_1)
FN:29,(anonymous_2)
FN:34,(anonymous_3)
FN:38,(anonymous_4)
FN:42,(anonymous_5)
FN:46,(anonymous_6)
FN:50,(anonymous_7)
FN:54,(anonymous_8)
FNF:8
FNH:3
FNDA:0,(anonymous_1)
FNDA:0,(anonymous_2)
FNDA:1,(anonymous_3)
FNDA:1,(anonymous_4)
FNDA:0,(anonymous_5)
FNDA:0,(anonymous_6)
FNDA:1,(anonymous_7)
FNDA:0,(anonymous_8)
DA:1,1
DA:2,1
DA:3,1
DA:12,1
DA:18,1
DA:20,1
DA:22,1
DA:25,1
DA:26,0
DA:29,1
DA:30,0
DA:31,0
DA:34,1
DA:35,1
DA:38,1
DA:39,1
DA:42,1
DA:43,0
DA:46,1
DA:47,0
DA:50,1
DA:51,1
DA:54,1
DA:55,0
LF:24
LH:18
BRF:0
BRH:0
end_of_record
TN:
SF:src/config/env/index.ts
FNF:0
FNH:0
DA:1,1
DA:3,1
DA:14,1
DA:16,1
DA:25,1
DA:34,1
DA:45,1
DA:51,1
LF:8
LH:8
BRDA:14,0,0,1
BRDA:14,0,1,0
BRDA:17,1,0,1
BRDA:17,1,1,0
BRDA:19,2,0,1
BRDA:19,2,1,0
BRDA:20,3,0,1
BRDA:20,3,1,0
BRDA:22,4,0,1
BRDA:22,4,1,0
BRDA:26,5,0,1
BRDA:26,5,1,0
BRDA:28,6,0,1
BRDA:28,6,1,0
BRDA:29,7,0,1
BRDA:29,7,1,0
BRDA:31,8,0,1
BRDA:31,8,1,0
BRDA:35,9,0,1
BRDA:35,9,1,0
BRDA:37,10,0,1
BRDA:37,10,1,0
BRDA:38,11,0,1
BRDA:38,11,1,0
BRDA:40,12,0,1
BRDA:40,12,1,0
BRF:26
BRH:13
end_of_record
TN:
SF:src/config/error/index.ts
FN:21,(anonymous_6)
FNF:1
FNH:1
FNDA:2,(anonymous_6)
DA:1,1
DA:8,1
DA:22,2
DA:24,2
DA:26,2
DA:27,2
DA:28,2
DA:32,1
LF:8
LH:8
BRDA:26,0,0,2
BRDA:26,0,1,0
BRDA:28,1,0,2
BRDA:28,1,1,0
BRDA:28,1,2,0
BRF:5
BRH:2
end_of_record
TN:
SF:src/config/error/sendHttpError.ts
FN:29,sendHttpErrorModule
FN:30,(anonymous_1)
FN:63,(anonymous_2)
FNF:3
FNH:1
FNDA:4,sendHttpErrorModule
FNDA:0,(anonymous_1)
FNDA:0,(anonymous_2)
DA:29,1
DA:30,4
DA:31,0
DA:38,0
DA:44,0
DA:50,0
DA:54,4
DA:63,1
DA:64,0
DA:65,0
DA:74,0
LF:11
LH:4
BRDA:38,0,0,0
BRDA:38,0,1,0
BRDA:39,1,0,0
BRDA:39,1,1,0
BRDA:39,1,2,0
BRDA:39,1,3,0
BRDA:39,1,4,0
BRDA:42,2,0,0
BRDA:42,2,1,0
BRDA:64,3,0,0
BRDA:64,3,1,0
BRF:11
BRH:0
end_of_record
TN:
SF:src/config/middleware/jwtAuth.ts
FN:26,isAuthenticated
FNF:1
FNH:0
FNDA:0,isAuthenticated
DA:1,0
DA:2,0
DA:4,0
DA:5,0
DA:6,0
DA:26,0
DA:29,0
DA:31,0
DA:32,0
DA:33,0
DA:35,0
DA:37,0
DA:39,0
DA:45,0
LF:14
LH:0
BRDA:31,0,0,0
BRDA:31,0,1,0
BRDA:31,1,0,0
BRDA:31,1,1,0
BRF:4
BRH:0
end_of_record
TN:
SF:src/config/middleware/middleware.ts
FN:18,configure
FN:52,initErrorHandler
FN:53,(anonymous_3)
FNF:3
FNH:2
FNDA:1,configure
FNDA:1,initErrorHandler
FNDA:0,(anonymous_3)
DA:1,1
DA:2,1
DA:3,1
DA:4,1
DA:5,1
DA:7,1
DA:8,1
DA:9,1
DA:10,1
DA:18,1
DA:20,1
DA:25,1
DA:27,1
DA:29,1
DA:31,1
DA:33,1
DA:41,1
DA:52,1
DA:53,1
DA:54,0
DA:55,0
DA:58,0
DA:59,0
DA:61,0
DA:62,0
DA:63,0
DA:65,0
DA:66,0
DA:70,0
LF:29
LH:19
BRDA:54,0,0,0
BRDA:54,0,1,0
BRDA:58,1,0,0
BRDA:58,1,1,0
BRDA:61,2,0,0
BRDA:61,2,1,0
BRF:6
BRH:0
end_of_record
TN:
SF:src/config/server/index.ts
FN:15,(anonymous_7)
FNF:1
FNH:0
FNDA:0,(anonymous_7)
DA:1,0
DA:2,0
DA:3,0
DA:5,0
DA:10,0
DA:15,0
DA:16,0
LF:7
LH:0
BRF:0
BRH:0
end_of_record
TN:
SF:src/config/server/server.ts
FNF:0
FNH:0
DA:1,1
DA:2,1
DA:3,1
DA:8,1
DA:13,1
DA:18,1
DA:23,1
DA:28,1
DA:33,1
DA:38,1
LF:10
LH:10
BRDA:28,0,0,1
BRDA:28,0,1,0
BRDA:33,1,0,1
BRDA:33,1,1,0
BRF:4
BRH:2
end_of_record
TN:
SF:src/config/server/serverHandlers.ts
FN:9,onError
FN:35,onListening
FNF:2
FNH:0
FNDA:0,onError
FNDA:0,onListening
DA:1,0
DA:9,0
DA:10,0
DA:11,0
DA:14,0
DA:16,0
DA:18,0
DA:19,0
DA:21,0
DA:23,0
DA:24,0
DA:26,0
DA:28,0
DA:35,0
DA:36,0
DA:37,0
DA:39,0
LF:17
LH:0
BRDA:10,0,0,0
BRDA:10,0,1,0
BRDA:14,1,0,0
BRDA:14,1,1,0
BRDA:16,2,0,0
BRDA:16,2,1,0
BRDA:16,2,2,0
BRDA:37,3,0,0
BRDA:37,3,1,0
BRF:9
BRH:0
end_of_record
TN:
SF:src/routes/AboutMeRouter.ts
FNF:0
FNH:0
DA:1,1
DA:2,1
DA:7,1
DA:9,1
DA:14,1
LF:5
LH:5
BRF:0
BRH:0
end_of_record
TN:
SF:src/routes/AuthRouter.ts
FNF:0
FNH:0
DA:1,1
DA:2,1
DA:7,1
DA:9,1
DA:16,1
LF:5
LH:5
BRF:0
BRH:0
end_of_record
TN:
SF:src/routes/ProjectsRouter.ts
FNF:0
FNH:0
DA:1,1
DA:2,1
DA:3,1
DA:8,1
DA:10,1
DA:11,1
DA:13,1
DA:15,1
DA:17,1
DA:22,1
LF:10
LH:10
BRF:0
BRH:0
end_of_record
TN:
SF:src/routes/UserRouter.ts
FNF:0
FNH:0
DA:1,1
DA:2,1
DA:7,1
DA:9,1
DA:11,1
DA:13,1
DA:15,1
DA:20,1
LF:8
LH:8
BRF:0
BRH:0
end_of_record
TN:
SF:src/routes/index.ts
FN:31,init
FN:79,(anonymous_8)
FNF:2
FNH:1
FNDA:1,init
FNDA:0,(anonymous_8)
DA:2,1
DA:3,1
DA:4,1
DA:5,1
DA:6,1
DA:7,1
DA:8,1
DA:9,1
DA:17,1
DA:18,1
DA:20,0
DA:21,0
DA:22,0
DA:23,0
DA:24,0
DA:31,1
DA:32,1
DA:40,1
DA:48,1
DA:56,1
DA:62,1
DA:70,1
DA:71,1
DA:72,1
DA:79,1
DA:80,0
DA:86,1
LF:27
LH:21
BRDA:70,0,0,1
BRDA:70,0,1,0
BRF:2
BRH:1
end_of_record
TN:
SF:src/tests/factories/projectFactory.ts
FN:5,resetProjectFactory
FN:9,buildProject
FN:23,buildProjects
FN:24,(anonymous_3)
FNF:4
FNH:2
FNDA:4,resetProjectFactory
FNDA:1,buildProject
FNDA:0,buildProjects
FNDA:0,(anonymous_3)
DA:3,1
DA:5,1
DA:6,4
DA:9,1
DA:10,1
DA:11,1
DA:20,1
DA:23,1
DA:24,0
LF:9
LH:8
BRDA:9,0,0,1
BRF:1
BRH:1
end_of_record
TN:
SF:src/tests/fixtures/projects.ts
FNF:0
FNH:0
DA:10,1
DA:19,1
DA:45,1
LF:3
LH:3
BRF:0
BRH:0
end_of_record
TN:
SF:src/utils/Logger.ts
FNF:0
FNH:0
DA:1,1
DA:3,1
DA:8,1
LF:3
LH:3
BRF:0
BRH:0
end_of_record
